{"/Users/vinod/Git-repos/practice/src/anagram.js": {"path":"/Users/vinod/Git-repos/practice/src/anagram.js","statementMap":{"0":{"start":{"line":1,"column":16},"end":{"line":7,"column":1}},"1":{"start":{"line":2,"column":13},"end":{"line":2,"column":20}},"2":{"start":{"line":3,"column":13},"end":{"line":3,"column":24}},"3":{"start":{"line":4,"column":13},"end":{"line":4,"column":20}},"4":{"start":{"line":5,"column":13},"end":{"line":5,"column":24}},"5":{"start":{"line":6,"column":2},"end":{"line":6,"column":41}},"6":{"start":{"line":9,"column":0},"end":{"line":9,"column":25}}},"fnMap":{"0":{"name":"(anonymous_0)","decl":{"start":{"line":1,"column":16},"end":{"line":1,"column":17}},"loc":{"start":{"line":1,"column":28},"end":{"line":7,"column":1}},"line":1}},"branchMap":{},"s":{"0":1,"1":2,"2":2,"3":2,"4":2,"5":2,"6":1},"f":{"0":2},"b":{},"_coverageSchema":"1a1c01bbd47fc00a2c39e90264f33305004495a9","hash":"1f5b0772083d4fb110ddb33bb777dc1fac7fc0e0"}
,"/Users/vinod/Git-repos/practice/src/box_blur.js": {"path":"/Users/vinod/Git-repos/practice/src/box_blur.js","statementMap":{"0":{"start":{"line":1,"column":17},"end":{"line":20,"column":1}},"1":{"start":{"line":2,"column":13},"end":{"line":2,"column":29}},"2":{"start":{"line":3,"column":13},"end":{"line":3,"column":32}},"3":{"start":{"line":4,"column":15},"end":{"line":4,"column":17}},"4":{"start":{"line":5,"column":2},"end":{"line":18,"column":3}},"5":{"start":{"line":5,"column":15},"end":{"line":5,"column":16}},"6":{"start":{"line":6,"column":14},"end":{"line":6,"column":16}},"7":{"start":{"line":7,"column":4},"end":{"line":16,"column":5}},"8":{"start":{"line":7,"column":17},"end":{"line":7,"column":18}},"9":{"start":{"line":8,"column":16},"end":{"line":8,"column":17}},"10":{"start":{"line":9,"column":6},"end":{"line":13,"column":7}},"11":{"start":{"line":9,"column":19},"end":{"line":9,"column":20}},"12":{"start":{"line":10,"column":8},"end":{"line":12,"column":9}},"13":{"start":{"line":10,"column":21},"end":{"line":10,"column":22}},"14":{"start":{"line":11,"column":10},"end":{"line":11,"column":29}},"15":{"start":{"line":14,"column":18},"end":{"line":14,"column":37}},"16":{"start":{"line":15,"column":6},"end":{"line":15,"column":20}},"17":{"start":{"line":17,"column":4},"end":{"line":17,"column":21}},"18":{"start":{"line":19,"column":2},"end":{"line":19,"column":16}},"19":{"start":{"line":22,"column":0},"end":{"line":22,"column":26}}},"fnMap":{"0":{"name":"(anonymous_0)","decl":{"start":{"line":1,"column":17},"end":{"line":1,"column":18}},"loc":{"start":{"line":1,"column":28},"end":{"line":20,"column":1}},"line":1}},"branchMap":{},"s":{"0":1,"1":2,"2":2,"3":2,"4":2,"5":2,"6":3,"7":3,"8":3,"9":5,"10":5,"11":5,"12":15,"13":15,"14":45,"15":5,"16":5,"17":3,"18":2,"19":1},"f":{"0":2},"b":{},"_coverageSchema":"1a1c01bbd47fc00a2c39e90264f33305004495a9","hash":"7388bccb14869a59630e48794abb4a35349b50e7"}
,"/Users/vinod/Git-repos/practice/src/kangaroo.js": {"path":"/Users/vinod/Git-repos/practice/src/kangaroo.js","statementMap":{"0":{"start":{"line":1,"column":17},"end":{"line":4,"column":1}},"1":{"start":{"line":2,"column":2},"end":{"line":2,"column":47}},"2":{"start":{"line":5,"column":0},"end":{"line":5,"column":26}}},"fnMap":{"0":{"name":"(anonymous_0)","decl":{"start":{"line":1,"column":17},"end":{"line":1,"column":18}},"loc":{"start":{"line":1,"column":37},"end":{"line":4,"column":1}},"line":1}},"branchMap":{"0":{"loc":{"start":{"line":2,"column":9},"end":{"line":2,"column":46}},"type":"binary-expr","locations":[{"start":{"line":2,"column":9},"end":{"line":2,"column":16}},{"start":{"line":2,"column":20},"end":{"line":2,"column":46}}],"line":2}},"s":{"0":1,"1":3,"2":1},"f":{"0":3},"b":{"0":[3,1]},"_coverageSchema":"1a1c01bbd47fc00a2c39e90264f33305004495a9","hash":"2eaa7329cac1fdbe0d248e1ca271be833c902909"}
,"/Users/vinod/Git-repos/practice/src/palindrome.js": {"path":"/Users/vinod/Git-repos/practice/src/palindrome.js","statementMap":{"0":{"start":{"line":1,"column":19},"end":{"line":10,"column":1}},"1":{"start":{"line":2,"column":12},"end":{"line":2,"column":20}},"2":{"start":{"line":3,"column":2},"end":{"line":8,"column":3}},"3":{"start":{"line":3,"column":15},"end":{"line":3,"column":16}},"4":{"start":{"line":4,"column":16},"end":{"line":4,"column":27}},"5":{"start":{"line":5,"column":4},"end":{"line":7,"column":5}},"6":{"start":{"line":6,"column":6},"end":{"line":6,"column":19}},"7":{"start":{"line":9,"column":2},"end":{"line":9,"column":14}},"8":{"start":{"line":11,"column":0},"end":{"line":11,"column":28}}},"fnMap":{"0":{"name":"(anonymous_0)","decl":{"start":{"line":1,"column":19},"end":{"line":1,"column":20}},"loc":{"start":{"line":1,"column":26},"end":{"line":10,"column":1}},"line":1}},"branchMap":{"0":{"loc":{"start":{"line":5,"column":4},"end":{"line":7,"column":5}},"type":"if","locations":[{"start":{"line":5,"column":4},"end":{"line":7,"column":5}},{"start":{},"end":{}}],"line":5}},"s":{"0":1,"1":2,"2":2,"3":2,"4":8,"5":8,"6":1,"7":1,"8":1},"f":{"0":2},"b":{"0":[1,7]},"_coverageSchema":"1a1c01bbd47fc00a2c39e90264f33305004495a9","hash":"2247d8194b701d913b74b6a3e14b1e12c32fd2de"}
,"/Users/vinod/Git-repos/practice/src/prime.js": {"path":"/Users/vinod/Git-repos/practice/src/prime.js","statementMap":{"0":{"start":{"line":1,"column":17},"end":{"line":8,"column":1}},"1":{"start":{"line":2,"column":2},"end":{"line":6,"column":3}},"2":{"start":{"line":2,"column":15},"end":{"line":2,"column":16}},"3":{"start":{"line":3,"column":4},"end":{"line":5,"column":5}},"4":{"start":{"line":4,"column":6},"end":{"line":4,"column":19}},"5":{"start":{"line":7,"column":2},"end":{"line":7,"column":14}},"6":{"start":{"line":10,"column":0},"end":{"line":10,"column":26}}},"fnMap":{"0":{"name":"(anonymous_0)","decl":{"start":{"line":1,"column":17},"end":{"line":1,"column":18}},"loc":{"start":{"line":1,"column":26},"end":{"line":8,"column":1}},"line":1}},"branchMap":{"0":{"loc":{"start":{"line":3,"column":4},"end":{"line":5,"column":5}},"type":"if","locations":[{"start":{"line":3,"column":4},"end":{"line":5,"column":5}},{"start":{},"end":{}}],"line":3}},"s":{"0":1,"1":2,"2":2,"3":2,"4":1,"5":1,"6":1},"f":{"0":2},"b":{"0":[1,1]},"_coverageSchema":"1a1c01bbd47fc00a2c39e90264f33305004495a9","hash":"5c8baadadb89901967c3064a639b2d023b7f69d9"}
}
